2023-12-08 16:53:26,299 INFO    StreamThr :38599 [internal.py:wandb_internal():86] W&B internal server running at pid: 38599, started at: 2023-12-08 16:53:26.298587
2023-12-08 16:53:26,299 DEBUG   HandlerThread:38599 [handler.py:handle_request():146] handle_request: status
2023-12-08 16:53:26,306 INFO    WriterThread:38599 [datastore.py:open_for_write():85] open: /Users/silviaromanato/Desktop/EPFL/MA3/DeepLearning/biomed-team4/multimodal/wandb/run-20231208_165326-wl9ydjlm/run-wl9ydjlm.wandb
2023-12-08 16:53:26,307 DEBUG   SenderThread:38599 [sender.py:send():382] send: header
2023-12-08 16:53:26,355 DEBUG   SenderThread:38599 [sender.py:send():382] send: run
2023-12-08 16:53:26,844 ERROR   SenderThread:38599 [internal_api.py:execute():373] 404 response executing GraphQL.
2023-12-08 16:53:26,845 ERROR   SenderThread:38599 [internal_api.py:execute():374] {"errors":[{"message":"project not found","path":["upsertBucket"]}],"data":{"upsertBucket":null}}
2023-12-08 16:53:26,845 ERROR   SenderThread:38599 [sender.py:send_run():987] It appears that you do not have permission to access the requested resource. Please reach out to the project owner to grant you access. If you have the correct permissions, verify that there are no issues with your networking setup.(Error 404: Not Found)
Traceback (most recent call last):
  File "/Users/silviaromanato/.conda/envs/lastenv/lib/python3.8/site-packages/wandb/sdk/lib/retry.py", line 131, in __call__
    result = self._call_fn(*args, **kwargs)
  File "/Users/silviaromanato/.conda/envs/lastenv/lib/python3.8/site-packages/wandb/sdk/internal/internal_api.py", line 369, in execute
    return self.client.execute(*args, **kwargs)  # type: ignore
  File "/Users/silviaromanato/.conda/envs/lastenv/lib/python3.8/site-packages/wandb/vendor/gql-0.2.0/wandb_gql/client.py", line 52, in execute
    result = self._get_result(document, *args, **kwargs)
  File "/Users/silviaromanato/.conda/envs/lastenv/lib/python3.8/site-packages/wandb/vendor/gql-0.2.0/wandb_gql/client.py", line 60, in _get_result
    return self.transport.execute(document, *args, **kwargs)
  File "/Users/silviaromanato/.conda/envs/lastenv/lib/python3.8/site-packages/wandb/sdk/lib/gql_request.py", line 59, in execute
    request.raise_for_status()
  File "/Users/silviaromanato/.conda/envs/lastenv/lib/python3.8/site-packages/requests/models.py", line 1021, in raise_for_status
    raise HTTPError(http_error_msg, response=self)
requests.exceptions.HTTPError: 404 Client Error: Not Found for url: https://api.wandb.ai/graphql

During handling of the above exception, another exception occurred:

Traceback (most recent call last):
  File "/Users/silviaromanato/.conda/envs/lastenv/lib/python3.8/site-packages/wandb/sdk/internal/sender.py", line 985, in send_run
    self._init_run(run, config_value_dict)
  File "/Users/silviaromanato/.conda/envs/lastenv/lib/python3.8/site-packages/wandb/sdk/internal/sender.py", line 1027, in _init_run
    server_run, inserted, server_messages = self._api.upsert_run(
  File "/Users/silviaromanato/.conda/envs/lastenv/lib/python3.8/site-packages/wandb/apis/normalize.py", line 73, in wrapper
    raise err
  File "/Users/silviaromanato/.conda/envs/lastenv/lib/python3.8/site-packages/wandb/apis/normalize.py", line 41, in wrapper
    return func(*args, **kwargs)
  File "/Users/silviaromanato/.conda/envs/lastenv/lib/python3.8/site-packages/wandb/sdk/internal/internal_api.py", line 2212, in upsert_run
    response = self.gql(
  File "/Users/silviaromanato/.conda/envs/lastenv/lib/python3.8/site-packages/wandb/sdk/internal/internal_api.py", line 341, in gql
    ret = self._retry_gql(
  File "/Users/silviaromanato/.conda/envs/lastenv/lib/python3.8/site-packages/wandb/sdk/lib/retry.py", line 147, in __call__
    retry_timedelta_triggered = check_retry_fn(e)
  File "/Users/silviaromanato/.conda/envs/lastenv/lib/python3.8/site-packages/wandb/util.py", line 965, in check_retry_fn
    return fallback_retry_fn(e)
  File "/Users/silviaromanato/.conda/envs/lastenv/lib/python3.8/site-packages/wandb/util.py", line 907, in no_retry_auth
    raise CommError(
wandb.errors.CommError: It appears that you do not have permission to access the requested resource. Please reach out to the project owner to grant you access. If you have the correct permissions, verify that there are no issues with your networking setup.(Error 404: Not Found)
2023-12-08 16:53:27,775 DEBUG   HandlerThread:38599 [handler.py:handle_request():146] handle_request: status_report
2023-12-08 16:53:30,249 DEBUG   HandlerThread:38599 [handler.py:handle_request():146] handle_request: status_report
2023-12-08 16:53:31,135 DEBUG   HandlerThread:38599 [handler.py:handle_request():146] handle_request: status_report
2023-12-08 16:53:31,389 DEBUG   HandlerThread:38599 [handler.py:handle_request():146] handle_request: keepalive
2023-12-08 16:53:31,868 DEBUG   HandlerThread:38599 [handler.py:handle_request():146] handle_request: status_report
2023-12-08 16:53:32,792 DEBUG   HandlerThread:38599 [handler.py:handle_request():146] handle_request: status_report
2023-12-08 16:53:35,270 DEBUG   HandlerThread:38599 [handler.py:handle_request():146] handle_request: status_report
2023-12-08 16:53:36,160 DEBUG   HandlerThread:38599 [handler.py:handle_request():146] handle_request: status_report
2023-12-08 16:53:36,419 DEBUG   HandlerThread:38599 [handler.py:handle_request():146] handle_request: keepalive
2023-12-08 16:53:36,884 DEBUG   HandlerThread:38599 [handler.py:handle_request():146] handle_request: status_report
2023-12-08 16:53:37,815 DEBUG   HandlerThread:38599 [handler.py:handle_request():146] handle_request: status_report
2023-12-08 16:53:40,291 DEBUG   HandlerThread:38599 [handler.py:handle_request():146] handle_request: status_report
2023-12-08 16:53:41,182 DEBUG   HandlerThread:38599 [handler.py:handle_request():146] handle_request: status_report
2023-12-08 16:53:41,447 DEBUG   HandlerThread:38599 [handler.py:handle_request():146] handle_request: keepalive
2023-12-08 16:53:41,906 DEBUG   HandlerThread:38599 [handler.py:handle_request():146] handle_request: status_report
2023-12-08 16:53:42,839 DEBUG   HandlerThread:38599 [handler.py:handle_request():146] handle_request: status_report
2023-12-08 16:53:45,309 DEBUG   HandlerThread:38599 [handler.py:handle_request():146] handle_request: status_report
2023-12-08 16:53:46,200 DEBUG   HandlerThread:38599 [handler.py:handle_request():146] handle_request: status_report
2023-12-08 16:53:46,475 DEBUG   HandlerThread:38599 [handler.py:handle_request():146] handle_request: keepalive
2023-12-08 16:53:46,924 DEBUG   HandlerThread:38599 [handler.py:handle_request():146] handle_request: status_report
2023-12-08 16:53:47,860 DEBUG   HandlerThread:38599 [handler.py:handle_request():146] handle_request: status_report
2023-12-08 16:53:50,325 DEBUG   HandlerThread:38599 [handler.py:handle_request():146] handle_request: status_report
2023-12-08 16:53:51,216 DEBUG   HandlerThread:38599 [handler.py:handle_request():146] handle_request: status_report
2023-12-08 16:53:51,492 DEBUG   HandlerThread:38599 [handler.py:handle_request():146] handle_request: keepalive
2023-12-08 16:53:51,943 DEBUG   HandlerThread:38599 [handler.py:handle_request():146] handle_request: status_report
2023-12-08 16:53:52,883 DEBUG   HandlerThread:38599 [handler.py:handle_request():146] handle_request: status_report
2023-12-08 16:53:55,343 DEBUG   HandlerThread:38599 [handler.py:handle_request():146] handle_request: status_report
2023-12-08 16:53:56,232 DEBUG   HandlerThread:38599 [handler.py:handle_request():146] handle_request: status_report
2023-12-08 16:53:56,527 DEBUG   HandlerThread:38599 [handler.py:handle_request():146] handle_request: keepalive
2023-12-08 16:53:56,958 DEBUG   HandlerThread:38599 [handler.py:handle_request():146] handle_request: status_report
2023-12-08 16:53:57,902 DEBUG   HandlerThread:38599 [handler.py:handle_request():146] handle_request: status_report
2023-12-08 16:54:00,358 DEBUG   HandlerThread:38599 [handler.py:handle_request():146] handle_request: status_report
2023-12-08 16:54:01,249 DEBUG   HandlerThread:38599 [handler.py:handle_request():146] handle_request: status_report
2023-12-08 16:54:01,554 DEBUG   HandlerThread:38599 [handler.py:handle_request():146] handle_request: keepalive
2023-12-08 16:54:01,978 DEBUG   HandlerThread:38599 [handler.py:handle_request():146] handle_request: status_report
2023-12-08 16:54:02,927 DEBUG   HandlerThread:38599 [handler.py:handle_request():146] handle_request: status_report
2023-12-08 16:54:05,380 DEBUG   HandlerThread:38599 [handler.py:handle_request():146] handle_request: status_report
2023-12-08 16:54:06,270 DEBUG   HandlerThread:38599 [handler.py:handle_request():146] handle_request: status_report
2023-12-08 16:54:06,578 DEBUG   HandlerThread:38599 [handler.py:handle_request():146] handle_request: keepalive
2023-12-08 16:54:06,994 DEBUG   HandlerThread:38599 [handler.py:handle_request():146] handle_request: status_report
2023-12-08 16:54:07,949 DEBUG   HandlerThread:38599 [handler.py:handle_request():146] handle_request: status_report
2023-12-08 16:54:10,398 DEBUG   HandlerThread:38599 [handler.py:handle_request():146] handle_request: status_report
2023-12-08 16:54:11,292 DEBUG   HandlerThread:38599 [handler.py:handle_request():146] handle_request: status_report
2023-12-08 16:54:11,607 DEBUG   HandlerThread:38599 [handler.py:handle_request():146] handle_request: keepalive
2023-12-08 16:54:12,008 DEBUG   HandlerThread:38599 [handler.py:handle_request():146] handle_request: status_report
2023-12-08 16:54:12,975 DEBUG   HandlerThread:38599 [handler.py:handle_request():146] handle_request: status_report
2023-12-08 16:54:15,412 DEBUG   HandlerThread:38599 [handler.py:handle_request():146] handle_request: status_report
2023-12-08 16:54:16,305 DEBUG   HandlerThread:38599 [handler.py:handle_request():146] handle_request: status_report
2023-12-08 16:54:16,633 DEBUG   HandlerThread:38599 [handler.py:handle_request():146] handle_request: keepalive
2023-12-08 16:54:17,029 DEBUG   HandlerThread:38599 [handler.py:handle_request():146] handle_request: status_report
2023-12-08 16:54:18,001 DEBUG   HandlerThread:38599 [handler.py:handle_request():146] handle_request: status_report
2023-12-08 16:54:20,430 DEBUG   HandlerThread:38599 [handler.py:handle_request():146] handle_request: status_report
2023-12-08 16:54:21,320 DEBUG   HandlerThread:38599 [handler.py:handle_request():146] handle_request: status_report
2023-12-08 16:54:21,659 DEBUG   HandlerThread:38599 [handler.py:handle_request():146] handle_request: keepalive
2023-12-08 16:54:22,050 DEBUG   HandlerThread:38599 [handler.py:handle_request():146] handle_request: status_report
2023-12-08 16:54:23,018 DEBUG   HandlerThread:38599 [handler.py:handle_request():146] handle_request: status_report
2023-12-08 16:54:25,444 DEBUG   HandlerThread:38599 [handler.py:handle_request():146] handle_request: status_report
2023-12-08 16:54:26,341 DEBUG   HandlerThread:38599 [handler.py:handle_request():146] handle_request: status_report
2023-12-08 16:54:26,682 DEBUG   HandlerThread:38599 [handler.py:handle_request():146] handle_request: keepalive
2023-12-08 16:54:27,069 DEBUG   HandlerThread:38599 [handler.py:handle_request():146] handle_request: status_report
2023-12-08 16:54:28,038 DEBUG   HandlerThread:38599 [handler.py:handle_request():146] handle_request: status_report
2023-12-08 16:54:30,463 DEBUG   HandlerThread:38599 [handler.py:handle_request():146] handle_request: status_report
2023-12-08 16:54:31,363 DEBUG   HandlerThread:38599 [handler.py:handle_request():146] handle_request: status_report
2023-12-08 16:54:31,704 DEBUG   HandlerThread:38599 [handler.py:handle_request():146] handle_request: keepalive
2023-12-08 16:54:32,089 DEBUG   HandlerThread:38599 [handler.py:handle_request():146] handle_request: status_report
2023-12-08 16:54:33,061 DEBUG   HandlerThread:38599 [handler.py:handle_request():146] handle_request: status_report
2023-12-08 16:54:35,477 DEBUG   HandlerThread:38599 [handler.py:handle_request():146] handle_request: status_report
2023-12-08 16:54:36,385 DEBUG   HandlerThread:38599 [handler.py:handle_request():146] handle_request: status_report
2023-12-08 16:54:36,728 DEBUG   HandlerThread:38599 [handler.py:handle_request():146] handle_request: keepalive
2023-12-08 16:54:37,114 DEBUG   HandlerThread:38599 [handler.py:handle_request():146] handle_request: status_report
2023-12-08 16:54:38,080 DEBUG   HandlerThread:38599 [handler.py:handle_request():146] handle_request: status_report
2023-12-08 16:54:40,499 DEBUG   HandlerThread:38599 [handler.py:handle_request():146] handle_request: status_report
2023-12-08 16:54:41,411 DEBUG   HandlerThread:38599 [handler.py:handle_request():146] handle_request: status_report
2023-12-08 16:54:41,751 DEBUG   HandlerThread:38599 [handler.py:handle_request():146] handle_request: keepalive
2023-12-08 16:54:42,132 DEBUG   HandlerThread:38599 [handler.py:handle_request():146] handle_request: status_report
2023-12-08 16:54:43,095 DEBUG   HandlerThread:38599 [handler.py:handle_request():146] handle_request: status_report
2023-12-08 16:54:45,516 DEBUG   HandlerThread:38599 [handler.py:handle_request():146] handle_request: status_report
2023-12-08 16:54:46,432 DEBUG   HandlerThread:38599 [handler.py:handle_request():146] handle_request: status_report
2023-12-08 16:54:46,782 DEBUG   HandlerThread:38599 [handler.py:handle_request():146] handle_request: keepalive
2023-12-08 16:54:47,154 DEBUG   HandlerThread:38599 [handler.py:handle_request():146] handle_request: status_report
2023-12-08 16:54:48,115 DEBUG   HandlerThread:38599 [handler.py:handle_request():146] handle_request: status_report
2023-12-08 16:54:50,536 DEBUG   HandlerThread:38599 [handler.py:handle_request():146] handle_request: status_report
2023-12-08 16:54:51,455 DEBUG   HandlerThread:38599 [handler.py:handle_request():146] handle_request: status_report
2023-12-08 16:54:51,807 DEBUG   HandlerThread:38599 [handler.py:handle_request():146] handle_request: keepalive
2023-12-08 16:54:52,174 DEBUG   HandlerThread:38599 [handler.py:handle_request():146] handle_request: status_report
2023-12-08 16:54:53,135 DEBUG   HandlerThread:38599 [handler.py:handle_request():146] handle_request: status_report
2023-12-08 16:54:55,557 DEBUG   HandlerThread:38599 [handler.py:handle_request():146] handle_request: status_report
2023-12-08 16:54:56,471 DEBUG   HandlerThread:38599 [handler.py:handle_request():146] handle_request: status_report
2023-12-08 16:54:56,833 DEBUG   HandlerThread:38599 [handler.py:handle_request():146] handle_request: cancel
2023-12-08 16:54:56,834 DEBUG   HandlerThread:38599 [handler.py:handle_request():146] handle_request: cancel
2023-12-08 16:54:57,192 DEBUG   HandlerThread:38599 [handler.py:handle_request():146] handle_request: status_report
2023-12-08 16:54:58,160 DEBUG   HandlerThread:38599 [handler.py:handle_request():146] handle_request: status_report
2023-12-08 16:55:00,570 DEBUG   HandlerThread:38599 [handler.py:handle_request():146] handle_request: status_report
2023-12-08 16:55:01,495 DEBUG   HandlerThread:38599 [handler.py:handle_request():146] handle_request: status_report
2023-12-08 16:55:02,211 DEBUG   HandlerThread:38599 [handler.py:handle_request():146] handle_request: status_report
2023-12-08 16:55:03,182 DEBUG   HandlerThread:38599 [handler.py:handle_request():146] handle_request: status_report
2023-12-08 16:55:05,591 DEBUG   HandlerThread:38599 [handler.py:handle_request():146] handle_request: status_report
2023-12-08 16:55:06,514 DEBUG   HandlerThread:38599 [handler.py:handle_request():146] handle_request: status_report
2023-12-08 16:55:07,237 DEBUG   HandlerThread:38599 [handler.py:handle_request():146] handle_request: status_report
2023-12-08 16:55:08,200 DEBUG   HandlerThread:38599 [handler.py:handle_request():146] handle_request: status_report
2023-12-08 16:55:09,848 DEBUG   HandlerThread:38599 [handler.py:handle_request():146] handle_request: shutdown
2023-12-08 16:55:09,848 INFO    HandlerThread:38599 [handler.py:finish():866] shutting down handler
2023-12-08 16:55:10,609 INFO    SenderThread:38599 [sender.py:finish():1548] shutting down sender
2023-12-08 16:55:10,614 INFO    WriterThread:38599 [datastore.py:close():294] close: /Users/silviaromanato/Desktop/EPFL/MA3/DeepLearning/biomed-team4/multimodal/wandb/run-20231208_165224-0v7zlfq4/run-0v7zlfq4.wandb
